<?xml version="1.0" encoding="UTF-8"?>
<coverage generated="1674633738417" clover="3.2.0">
  <project timestamp="1674633738417" name="All files">
    <metrics statements="13" coveredstatements="11" conditionals="2" coveredconditionals="2" methods="4" coveredmethods="2" elements="19" coveredelements="15" complexity="0" loc="13" ncloc="13" packages="1" files="1" classes="1"/>
    <file name="example.ts" path="/Users/eddieliu/web/holmes-CDP-View/stores/example.ts">
      <metrics statements="13" coveredstatements="11" conditionals="2" coveredconditionals="2" methods="4" coveredmethods="2"/>
      <line num="1" count="1" type="stmt"/>
      <line num="2" count="1" type="stmt"/>
      <line num="3" count="1" type="stmt"/>
      <line num="4" count="1" type="cond" truecount="1" falsecount="0"/>
      <line num="5" count="1" type="stmt"/>
      <line num="6" count="1" type="stmt"/>
      <line num="7" count="1" type="stmt"/>
      <line num="8" count="1" type="stmt"/>
      <line num="9" count="1" type="stmt"/>
      <line num="10" count="0" type="stmt"/>
      <line num="11" count="0" type="stmt"/>
      <line num="12" count="1" type="stmt"/>
      <line num="13" count="1" type="cond" truecount="1" falsecount="0"/>
    </file>
  </project>
</coverage>
