{"/Users/eddieliu/web/holmes-CDP-View/stores/example.ts": {"path":"/Users/eddieliu/web/holmes-CDP-View/stores/example.ts","all":false,"statementMap":{"0":{"start":{"line":1,"column":0},"end":{"line":1,"column":35}},"1":{"start":{"line":2,"column":0},"end":{"line":2,"column":0}},"2":{"start":{"line":3,"column":0},"end":{"line":3,"column":55}},"3":{"start":{"line":4,"column":0},"end":{"line":4,"column":47}},"4":{"start":{"line":5,"column":0},"end":{"line":5,"column":12}},"5":{"start":{"line":6,"column":0},"end":{"line":6,"column":44}},"6":{"start":{"line":7,"column":0},"end":{"line":7,"column":4}},"7":{"start":{"line":8,"column":0},"end":{"line":8,"column":12}},"8":{"start":{"line":9,"column":0},"end":{"line":9,"column":17}},"9":{"start":{"line":10,"column":0},"end":{"line":10,"column":18}},"10":{"start":{"line":11,"column":0},"end":{"line":11,"column":6}},"11":{"start":{"line":12,"column":0},"end":{"line":12,"column":4}},"12":{"start":{"line":13,"column":0},"end":{"line":13,"column":2}}},"s":{"0":1,"1":1,"2":1,"3":1,"4":1,"5":1,"6":1,"7":1,"8":1,"9":0,"10":0,"11":1,"12":1},"branchMap":{"0":{"type":"branch","line":4,"loc":{"start":{"line":4,"column":9},"end":{"line":4,"column":47}},"locations":[{"start":{"line":4,"column":9},"end":{"line":4,"column":47}}]},"1":{"type":"branch","line":13,"loc":{"start":{"line":13,"column":1},"end":{"line":13,"column":2}},"locations":[{"start":{"line":13,"column":1},"end":{"line":13,"column":2}}]}},"b":{"0":[2],"1":[1]},"fnMap":{"0":{"name":"state","decl":{"start":{"line":4,"column":9},"end":{"line":4,"column":47}},"loc":{"start":{"line":4,"column":9},"end":{"line":4,"column":47}},"line":4},"1":{"name":"doubleCount","decl":{"start":{"line":6,"column":17},"end":{"line":6,"column":44}},"loc":{"start":{"line":6,"column":17},"end":{"line":6,"column":44}},"line":6},"2":{"name":"increment","decl":{"start":{"line":9,"column":4},"end":{"line":11,"column":6}},"loc":{"start":{"line":9,"column":4},"end":{"line":11,"column":6}},"line":9},"3":{"name":"get","decl":{"start":{"line":13,"column":1},"end":{"line":13,"column":2}},"loc":{"start":{"line":13,"column":1},"end":{"line":13,"column":2}},"line":13}},"f":{"0":2,"1":0,"2":0,"3":1}}
}
